<?xml version="1.0" encoding="UTF-8"?>
<!-- Generated by org.testng.reporters.JUnitReportReporter -->
<testsuite hostname="BM5RMKJR2" name="QA.MavenProject.HomeScreenTest" tests="1" failures="0" timestamp="28 Oct 2020 07:50:40 GMT" time="0.011" errors="0">
  <testcase name="Hvalidation1" time="0.011" classname="QA.MavenProject.HomeScreenTest"/>
</testsuite> <!-- QA.MavenProject.HomeScreenTest -->
