<?xml version="1.0" encoding="UTF-8"?>
<!-- Generated by org.testng.reporters.JUnitReportReporter -->
<testsuite hostname="BM5RMKJR2" name="QA.MavenProject.SignInTest" tests="2" failures="0" timestamp="28 Oct 2020 07:55:09 GMT" time="0.003" errors="0">
  <testcase name="validation1" time="0.001" classname="QA.MavenProject.SignInTest"/>
  <testcase name="validation2" time="0.002" classname="QA.MavenProject.SignInTest"/>
</testsuite> <!-- QA.MavenProject.SignInTest -->
