<?xml version="1.0" encoding="UTF-8"?>
<!-- Generated by org.testng.reporters.JUnitReportReporter -->
<testsuite hostname="BM5RMKJR2" name="QA.MavenProject.SignOutTest" tests="2" failures="0" timestamp="28 Oct 2020 07:55:09 GMT" time="0.012" errors="0">
  <testcase name="Svalidation1" time="0.011" classname="QA.MavenProject.SignOutTest"/>
  <testcase name="Svalidation2" time="0.001" classname="QA.MavenProject.SignOutTest"/>
</testsuite> <!-- QA.MavenProject.SignOutTest -->
