<?xml version="1.0" encoding="UTF-8"?>
<!-- Generated by org.testng.reporters.JUnitReportReporter -->
<testsuite hostname="BM5RMKJR2" name="QA.MavenProject.SignOutTest" tests="2" failures="0" timestamp="24 Oct 2020 09:34:45 GMT" time="0.000" errors="0">
  <testcase name="Svalidation1" time="0.000" classname="QA.MavenProject.SignOutTest"/>
  <testcase name="Svalidation2" time="0.000" classname="QA.MavenProject.SignOutTest"/>
</testsuite> <!-- QA.MavenProject.SignOutTest -->
