<?xml version="1.0" encoding="UTF-8"?>
<!-- Generated by org.testng.reporters.JUnitReportReporter -->
<testsuite hostname="BM5RMKJR2" name="QA.MavenProject.HomeScreenTest" tests="2" failures="0" timestamp="24 Oct 2020 09:34:45 GMT" time="0.006" errors="0">
  <testcase name="Hvalidation2" time="0.000" classname="QA.MavenProject.HomeScreenTest"/>
  <testcase name="Hvalidation1" time="0.006" classname="QA.MavenProject.HomeScreenTest"/>
</testsuite> <!-- QA.MavenProject.HomeScreenTest -->
