<?xml version="1.0" encoding="UTF-8"?>
<!-- Generated by org.testng.reporters.JUnitReportReporter -->
<testsuite hostname="BM5RMKJR2" name="QA.MavenProject.AppTest" tests="1" failures="0" timestamp="24 Oct 2020 09:34:45 GMT" time="0.000" errors="0">
  <testcase name="testApp" time="0.000" classname="QA.MavenProject.AppTest"/>
</testsuite> <!-- QA.MavenProject.AppTest -->
