<?xml version="1.0" encoding="UTF-8"?>
<!-- Generated by org.testng.reporters.JUnitReportReporter -->
<testsuite hostname="BM5RMKJR2" name="QA.MavenProject.HomeScreenTest" tests="1" failures="0" timestamp="24 Oct 2020 09:49:41 GMT" time="0.014" errors="0">
  <testcase name="Hvalidation1" time="0.014" classname="QA.MavenProject.HomeScreenTest"/>
</testsuite> <!-- QA.MavenProject.HomeScreenTest -->
