<?xml version="1.0" encoding="UTF-8"?>
<!-- Generated by org.testng.reporters.JUnitReportReporter -->
<testsuite hostname="BM5RMKJR2" name="QA.MavenProject.SignInTest" tests="2" failures="0" timestamp="24 Oct 2020 09:49:41 GMT" time="0.000" errors="0">
  <testcase name="validation1" time="0.000" classname="QA.MavenProject.SignInTest"/>
  <testcase name="validation2" time="0.000" classname="QA.MavenProject.SignInTest"/>
</testsuite> <!-- QA.MavenProject.SignInTest -->
